<?xml version="1.0" encoding="UTF-8"?>
<!-- Generated by org.testng.reporters.JUnitReportReporter -->
<testsuite skipped="0" hostname="AQMIT-DSK-10110" name="NewTest" tests="1" failures="0" timestamp="18 Jul 2022 11:04:09 GMT" time="0.014" errors="0">
  <testcase name="f" time="0.014" classname="NewTest"/>
</testsuite> <!-- NewTest -->
