<?xml version="1.0" encoding="UTF-8"?>
<!-- Generated by org.testng.reporters.JUnitReportReporter -->
<testsuite skipped="0" hostname="AQMIT-DSK-10277" name="runner.FlightMultiCityRunner" tests="1" failures="0" timestamp="2022-08-03T15:43:53 IST" time="260.314" errors="0">
  <testcase name="flightSearch" time="260.314" classname="runner.FlightMultiCityRunner"/>
  <system-out/>
</testsuite> <!-- runner.FlightMultiCityRunner -->
